<?xml version="1.0" encoding="UTF-8"?>
<testsuite xmlns:xsi="http://www.w3.org/2001/XMLSchema-instance" xsi:noNamespaceSchemaLocation="https://maven.apache.org/surefire/maven-surefire-plugin/xsd/surefire-test-report-3.0.xsd" version="3.0" name="fr.istic.vv.TLSSocketFactoryTestMocks" time="1.09" tests="6" errors="0" skipped="0" failures="0">
  <properties>
[...]
</properties>
  <testcase name="testPrepareSocketVerifyMethodCalls" classname="fr.istic.vv.TLSSocketFactoryTestMocks" time="0.999"/>
  <testcase name="testPrepareSocketWithSupportedAndEnabledProtocols" classname="fr.istic.vv.TLSSocketFactoryTestMocks" time="0.014"/>
  <testcase name="testPrepareSocketWithNullEnabledProtocols" classname="fr.istic.vv.TLSSocketFactoryTestMocks" time="0.012"/>
  <testcase name="testPrepareSocketWithNoSupportedProtocolsInCommon" classname="fr.istic.vv.TLSSocketFactoryTestMocks" time="0.004"/>
  <testcase name="testPrepareSocketWithNullSupportedProtocols" classname="fr.istic.vv.TLSSocketFactoryTestMocks" time="0.008"/>
  <testcase name="testPrepareSocketWithBothArraysNull" classname="fr.istic.vv.TLSSocketFactoryTestMocks" time="0.003"/>
</testsuite>