<?xml version="1.0" encoding="UTF-8"?>
<testsuite xmlns:xsi="http://www.w3.org/2001/XMLSchema-instance" xsi:noNamespaceSchemaLocation="https://maven.apache.org/surefire/maven-surefire-plugin/xsd/surefire-test-report-3.0.xsd" version="3.0" name="fr.istic.vv.DateTest" time="0.225" tests="31" errors="0" skipped="0" failures="0">
  <properties>
[...]
</properties>
  <testcase name="testMois30Jours" classname="fr.istic.vv.DateTest" time="0.066"/>
  <testcase name="testMois31Jours" classname="fr.istic.vv.DateTest" time="0.005"/>
  <testcase name="testDateNull" classname="fr.istic.vv.DateTest" time="0.006"/>
  <testcase name="testMoisJanvier" classname="fr.istic.vv.DateTest" time="0.002"/>
  <testcase name="testAnneeDivisiblePar100NonPar400" classname="fr.istic.vv.DateTest" time="0.002"/>
  <testcase name="testAnnee4NonDivisiblePar100" classname="fr.istic.vv.DateTest" time="0.003"/>
  <testcase name="testMoisTropGrand" classname="fr.istic.vv.DateTest" time="0.002"/>
  <testcase name="testJourPremier" classname="fr.istic.vv.DateTest" time="0.005"/>
  <testcase name="testAnneeDivisiblePar400" classname="fr.istic.vv.DateTest" time="0.001"/>
  <testcase name="testMoisFevrier" classname="fr.istic.vv.DateTest" time="0.001"/>
  <testcase name="testJourMilieu" classname="fr.istic.vv.DateTest" time="0.002"/>
  <testcase name="testMilieuMois" classname="fr.istic.vv.DateTest" time="0.003"/>
  <testcase name="testPremierMois" classname="fr.istic.vv.DateTest" time="0.002"/>
  <testcase name="testMoisIntermediaire" classname="fr.istic.vv.DateTest" time="0.002"/>
  <testcase name="testDernierJourMois" classname="fr.istic.vv.DateTest" time="0.001"/>
  <testcase name="testJourTropGrand" classname="fr.istic.vv.DateTest" time="0.002"/>
  <testcase name="testJourFevrier28" classname="fr.istic.vv.DateTest" time="0.001"/>
  <testcase name="testDateApres" classname="fr.istic.vv.DateTest" time="0.003"/>
  <testcase name="testDateAvant" classname="fr.istic.vv.DateTest" time="0.001"/>
  <testcase name="testDateEgale" classname="fr.istic.vv.DateTest" time="0.001"/>
  <testcase name="testAnneeInvalide" classname="fr.istic.vv.DateTest" time="0.002"/>
  <testcase name="testAnneeNonBissextile" classname="fr.istic.vv.DateTest" time="0.002"/>
  <testcase name="testAnneeBissextile" classname="fr.istic.vv.DateTest" time="0.005"/>
  <testcase name="testJourNegatif" classname="fr.istic.vv.DateTest" time="0.002"/>
  <testcase name="testJour30" classname="fr.istic.vv.DateTest" time="0.001"/>
  <testcase name="testJour31" classname="fr.istic.vv.DateTest" time="0.002"/>
  <testcase name="testJourFevrierBissextile" classname="fr.istic.vv.DateTest" time="0.002"/>
  <testcase name="testAnneeNonDivisiblePar4" classname="fr.istic.vv.DateTest" time="0.005"/>
  <testcase name="testDernierMois" classname="fr.istic.vv.DateTest" time="0.002"/>
  <testcase name="testMoisNegatif" classname="fr.istic.vv.DateTest" time="0.003"/>
  <testcase name="testPremierJourMois" classname="fr.istic.vv.DateTest" time="0.003"/>
</testsuite>