-------------------------------------------------------------------------------
Test set: fr.istic.vv.StringUtilsTest
-------------------------------------------------------------------------------
Tests run: 1, Failures: 1, Errors: 0, Skipped: 0, Time elapsed: 0.109 s <<< FAILURE! - in fr.istic.vv.StringUtilsTest
fr.istic.vv.StringUtilsTest.testIsBalancedWithNonBracketCharacter  Time elapsed: 0.074 s  <<< FAILURE!
org.opentest4j.AssertionFailedError: expected: <false> but was: <true>
	at fr.istic.vv.StringUtilsTest.testIsBalancedWithNonBracketCharacter(StringUtilsTest.java:110)

