<?xml version="1.0" encoding="UTF-8"?>
<testsuite xmlns:xsi="http://www.w3.org/2001/XMLSchema-instance" xsi:noNamespaceSchemaLocation="https://maven.apache.org/surefire/maven-surefire-plugin/xsd/surefire-test-report-3.0.xsd" version="3.0" name="fr.istic.vv.StringUtilsTest" time="0.109" tests="1" errors="0" skipped="0" failures="1">
  <properties>
[...]
</properties>
  <testcase name="testIsBalancedWithNonBracketCharacter" classname="fr.istic.vv.StringUtilsTest" time="0.074">
    <failure type="org.opentest4j.AssertionFailedError"><![CDATA[org.opentest4j.AssertionFailedError: expected: <false> but was: <true>
	at fr.istic.vv.StringUtilsTest.testIsBalancedWithNonBracketCharacter(StringUtilsTest.java:110)
]]></failure>
  </testcase>
</testsuite>